<?xml version="1.0" encoding="UTF-8"?>
<!-- Generated by org.testng.reporters.JUnitReportReporter -->
<testsuite skipped="0" hostname="SBR-DEVP-47" name="com.qa.testdata.HRPageDataDrivenTest" tests="1" failures="0" timestamp="07 Jun 2019 08:40:11 GMT" time="42.560" errors="0">
  <testcase name="CreateEmpTest" time="42.560" classname="com.qa.testdata.HRPageDataDrivenTest"/>
</testsuite> <!-- com.qa.testdata.HRPageDataDrivenTest -->
