<?xml version="1.0" encoding="UTF-8"?>
<!-- Generated by org.testng.reporters.JUnitReportReporter -->
<testsuite skipped="0" hostname="SBR-DEVP-47" name="com.qa.tests.HomePageTest" tests="3" failures="0" timestamp="18 Jun 2019 05:37:26 GMT" time="55.808" errors="0">
  <testcase name="Testing" time="26.043" classname="com.qa.tests.HomePageTest"/>
  <testcase name="verifyHomePageTitleTest2" time="14.296" classname="com.qa.tests.HomePageTest"/>
  <testcase name="clickOnEmpRecordsTest" time="15.469" classname="com.qa.tests.HomePageTest"/>
</testsuite> <!-- com.qa.tests.HomePageTest -->
