<?xml version="1.0" encoding="UTF-8"?>
<!-- Generated by org.testng.reporters.JUnitReportReporter -->
<testsuite skipped="0" hostname="SBR-DEVP-47" name="com.qa.tests.LoginPageTest" tests="2" failures="0" timestamp="18 Jun 2019 05:37:26 GMT" time="19.787" errors="0">
  <testcase name="verifyTitle" time="5.551" classname="com.qa.tests.LoginPageTest"/>
  <testcase name="loginTest" time="14.236" classname="com.qa.tests.LoginPageTest"/>
</testsuite> <!-- com.qa.tests.LoginPageTest -->
