<?xml version="1.0" encoding="UTF-8"?>
<!-- Generated by org.testng.reporters.JUnitReportReporter -->
<testsuite skipped="0" hostname="SBR-DEVP-47" name="com.qa.tests.SubHomePageTest" tests="4" failures="0" timestamp="18 Jun 2019 05:37:26 GMT" time="105.194" errors="0">
  <testcase name="VerifyHomeTitleTest" time="20.008" classname="com.qa.tests.SubHomePageTest"/>
  <testcase name="SearchEmpTest" time="24.366" classname="com.qa.tests.SubHomePageTest"/>
  <testcase name="VerifyViewProfileTest" time="45.256" classname="com.qa.tests.SubHomePageTest"/>
  <testcase name="ClickHRTest" time="15.564" classname="com.qa.tests.SubHomePageTest"/>
</testsuite> <!-- com.qa.tests.SubHomePageTest -->
