<?xml version="1.0" encoding="UTF-8"?>
<!-- Generated by org.testng.reporters.JUnitReportReporter -->
<testsuite skipped="0" hostname="SBR-DEVP-47" name="com.qa.tests.HRPageTest" tests="1" failures="0" timestamp="18 Jun 2019 05:37:26 GMT" time="79.833" errors="0">
  <testcase name="ClickAddEMpTest" time="79.833" classname="com.qa.tests.HRPageTest"/>
</testsuite> <!-- com.qa.tests.HRPageTest -->
